inpaint_exemplar.py:156: RuntimeWarning: invalid value encountered in true_divide
  n /= np.linalg.norm(n)
(425, 640, 3)
10699.0
2092
10677.0
2092
10660.0
2088
10641.0
2088
10622.0
2088
10606.0
2088
10590.0
2084
10575.0
2080
10550.0
2080
10533.0
2080
10525.0
2064
10504.0
2068
10484.0
2068
10467.0
2068
10451.0
2068
10432.0
2068
10413.0
2066
10397.0
2066
10383.0
2064
10368.0
2060
10347.0
2052
10331.0
2052
10315.0
2052
10299.0
2052
10282.0
2052
10261.0
2052
10240.0
2052
10224.0
2036
10205.0
2036
10186.0
2036
10172.0
2032
10154.0
2032
10138.0
2032
10117.0
2032
10099.0
2032
10083.0
2032
10065.0
2032
10049.0
2032
10030.0
2032
10013.0
2032
9997.0
2028
9981.0
2026
9968.0
2024
9953.0
2020
9946.0
2006
9930.0
2006
9918.0
2000
9902.0
2000
9883.0
2000
9864.0
2000
9848.0
2000
9832.0
1998
9824.0
1982
9804.0
1982
9791.0
1980
9775.0
1972
9771.0
1964
9755.0
1964
9734.0
1962
9718.0
1948
9702.0
1944
9686.0
1944
9670.0
1944
9654.0
1944
9644.0
1932
9625.0
1932
9604.0
1922
9588.0
1920
9570.0
1914
9554.0
1914
9534.0
1914
9512.0
1914
9508.0
1906
9488.0
1906
9470.0
1906
9447.0
1910
9431.0
1910
9415.0
1910
9396.0
1910
9380.0
1910
9363.0
1910
9347.0
1910
9331.0
1910
9314.0
1904
9296.0
1904
9278.0
1906
9262.0
1906
9245.0
1906
9234.0
1890
9215.0
1890
9199.0
1890
9182.0
1890
9165.0
1890
9148.0
1890
9132.0
1882
9128.0
1874
9111.0
1874
9095.0
1874
9083.0
1862
9066.0
1862
9048.0
1862
9034.0
1858
9018.0
1858
9002.0
1858
8974.0
1864
8957.0
1864
8941.0
1864
8925.0
1864
8906.0
1864
8898.0
1848
8882.0
1848
8851.0
1846
8830.0
1844
8810.0
1844
8794.0
1844
8778.0
1844
8762.0
1844
8746.0
1844
8723.0
1842
8710.0
1840
8694.0
1840
8678.0
1840
8662.0
1840
8646.0
1840
8624.0
1840
8608.0
1832
8604.0
1824
8583.0
1828
8569.0
1812
8550.0
1808
8534.0
1808
8518.0
1808
8502.0
1800
8498.0
1792
8480.0
1776
8463.0
1776
8447.0
1776
8425.0
1776
8410.0
1768
8390.0
1768
8373.0
1752
8357.0
1752
8341.0
1752
8322.0
1752
8298.0
1752
8279.0
1752
8263.0
1752
8247.0
1752
8227.0
1736
8209.0
1736
8191.0
1736
8175.0
1736
8152.0
1736
8136.0
1736
8124.0
1720
8106.0
1720
8090.0
1720
8074.0
1720
8058.0
1720
8042.0
1720
8034.0
1704
8014.0
1704
7998.0
1704
7979.0
1704
7960.0
1700
7934.0
1700
7920.0
1696
7904.0
1696
7888.0
1696
7872.0
1696
7856.0
1696
7840.0
1696
7824.0
1696
7808.0
1696
7792.0
1696
7776.0
1696
7757.0
1696
7743.0
1692
7717.0
1684
7701.0
1684
7685.0
1684
7671.0
1668
7651.0
1662
7639.0
1652
7623.0
1652
7607.0
1652
7587.0
1652
7571.0
1652
7555.0
1652
7539.0
1652
7523.0
1652
7507.0
1648
7491.0
1648
7475.0
1648
7459.0
1648
7443.0
1648
7418.0
1636
7402.0
1636
7390.0
1620
7374.0
1620
7358.0
1620
7342.0
1620
7326.0
1604
7310.0
1604
7294.0
1604
7275.0
1604
7257.0
1604
7241.0
1604
7225.0
1604
7209.0
1604
7193.0
1604
7177.0
1596
7173.0
1588
7157.0
1572
7140.0
1568
7130.0
1556
7116.0
1548
7100.0
1548
7092.0
1532
7076.0
1532
7060.0
1528
7039.0
1532
7023.0
1532
7002.0
1534
6986.0
1532
6969.0
1522
6953.0
1522
6937.0
1514
6933.0
1506
6916.0
1506
6899.0
1506
6883.0
1506
6863.0
1502
6847.0
1496
6840.0
1488
6824.0
1488
6804.0
1488
6788.0
1488
6772.0
1488
6754.0
1488
6738.0
1488
6721.0
1486
6709.0
1470
6693.0
1470
6681.0
1454
6665.0
1454
6648.0
1454
6631.0
1454
6615.0
1450
6593.0
1450
6577.0
1442
6561.0
1434
6557.0
1426
6538.0
1412
6522.0
1412
6506.0
1412
6490.0
1412
6472.0
1408
6456.0
1408
6440.0
1400
6436.0
1392
6409.0
1394
6393.0
1394
6380.0
1382
6361.0
1382
6345.0
1382
6326.0
1374
6305.0
1374
6289.0
1374
6273.0
1374
6257.0
1374
6243.0
1370
6227.0
1370
6223.0
1362
6207.0
1362
6191.0
1362
6175.0
1362
6159.0
1346
6143.0
1346
6126.0
1346
6110.0
1346
6094.0
1346
6086.0
1330
6064.0
1328
6050.0
1326
6034.0
1318
6030.0
1310
6017.0
1308
6002.0
1298
5995.0
1290
5971.0
1292
5954.0
1292
5938.0
1292
5930.0
1276
5914.0
1264
5894.0
1260
5878.0
1256
5861.0
1254
5845.0
1254
5829.0
1254
5811.0
1254
5790.0
1256
5782.0
1240
5766.0
1232
5762.0
1224
5746.0
1224
5723.0
1218
5707.0
1218
5697.0
1214
5679.0
1214
5664.0
1198
5647.0
1180
5631.0
1180
5615.0
1180
5601.0
1164
5585.0
1164
5569.0
1164
5553.0
1148
5536.0
1132
5520.0
1116
5508.0
1088
5492.0
1088
5484.0
1072
5468.0
1068
5439.0
1074
5426.0
1060
5410.0
1060
5394.0
1040
5378.0
1018
5374.0
1008
5372.0
1000
5358.0
992
5337.0
996
5316.0
1000
5308.0
984
5293.0
980
5274.0
978
5258.0
978
5242.0
978
5226.0
978
5210.0
978
5194.0
978
5178.0
976
5165.0
972
5149.0
972
5133.0
972
5108.0
972
5092.0
972
5069.0
978
5053.0
978
5031.0
974
5016.0
974
5000.0
974
4981.0
974
4965.0
966
4945.0
966
4918.0
974
4896.0
970
4886.0
966
4872.0
958
4856.0
958
4840.0
958
4820.0
956
4807.0
954
4789.0
954
4769.0
952
4753.0
944
4749.0
936
4733.0
936
4717.0
936
4691.0
934
4669.0
934
4653.0
934
4637.0
934
4621.0
932
4596.0
928
4580.0
928
4559.0
932
4543.0
932
4523.0
932
4503.0
932
4487.0
932
4471.0
932
4455.0
916
4439.0
916
4423.0
916
4397.0
920
4378.0
920
4362.0
918
4346.0
918
4323.0
918
4304.0
918
4288.0
918
4275.0
916
4259.0
916
4239.0
916
4222.0
900
4206.0
900
4183.0
900
4157.0
908
4143.0
904
4131.0
896
4115.0
896
4094.0
900
4078.0
900
4058.0
900
4034.0
900
4014.0
900
3992.0
900
3976.0
900
3964.0
884
3934.0
888
3914.0
888
3893.0
890
3875.0
886
3858.0
886
3842.0
886
3826.0
886
3813.0
876
3792.0
880
3774.0
880
3764.0
868
3737.0
868
3721.0
868
3705.0
868
3689.0
864
3670.0
862
3650.0
862
3632.0
864
3618.0
860
3598.0
860
3580.0
856
3560.0
856
3544.0
840
3523.0
842
3507.0
842
3492.0
838
3476.0
838
3460.0
838
3444.0
838
3424.0
838
3409.0
834
3390.0
830
3374.0
830
3358.0
830
3342.0
830
3330.0
814
3314.0
814
3288.0
822
3268.0
822
3252.0
822
3239.0
810
3213.0
818
3195.0
818
3179.0
818
3157.0
814
3141.0
814
3129.0
798
3108.0
800
3091.0
796
3075.0
796
3059.0
796
3041.0
796
3025.0
796
3009.0
796
2993.0
780
2972.0
784
2952.0
784
2936.0
784
2915.0
782
2887.0
790
2869.0
790
2851.0
790
2835.0
790
2818.0
786
2804.0
778
2788.0
778
2772.0
776
2756.0
768
2740.0
768
2726.0
764
2709.0
764
2682.0
744
2670.0
728
2666.0
720
2650.0
720
2628.0
720
2613.0
700
2592.0
700
2576.0
692
2564.0
684
2544.0
684
2526.0
672
2513.0
670
2492.0
674
2469.0
670
2452.0
658
2440.0
642
2427.0
630
2411.0
630
2395.0
630
2387.0
618
2371.0
610
2367.0
602
2351.0
602
2335.0
602
2319.0
602
2303.0
594
2299.0
586
2282.0
566
2266.0
558
2254.0
542
2239.0
530
2223.0
530
2203.0
530
2199.0
522
2175.0
522
2156.0
522
2140.0
522
2120.0
502
2104.0
486
2092.0
458
2066.0
442
2048.0
440
2032.0
440
2016.0
440
1997.0
436
1977.0
436
1951.0
444
1927.0
444
1911.0
444
1895.0
444
1879.0
444
1867.0
436
1851.0
428
1832.0
428
1819.0
424
1804.0
420
1788.0
420
1774.0
412
1758.0
412
1742.0
412
1723.0
412
1705.0
410
1685.0
410
1669.0
410
1656.0
408
1636.0
408
1608.0
416
1592.0
416
1564.0
424
1540.0
424
1520.0
424
1504.0
424
1484.0
416
1472.0
400
1453.0
394
1446.0
384
1430.0
384
1414.0
384
1398.0
368
1382.0
368
1360.0
368
1344.0
368
1328.0
368
1309.0
368
1291.0
360
1275.0
360
1259.0
360
1243.0
360
1227.0
360
1219.0
344
1203.0
344
1187.0
344
1175.0
328
1159.0
328
1131.0
336
1109.0
336
1093.0
336
1077.0
336
1059.0
328
1043.0
328
1027.0
328
1008.0
328
981.0
328
965.0
312
939.0
316
923.0
316
907.0
316
891.0
316
881.0
312
865.0
312
849.0
312
829.0
310
810.0
308
789.0
312
769.0
312
743.0
296
733.0
292
710.0
292
694.0
292
680.0
276
665.0
256
649.0
256
628.0
260
614.0
252
593.0
252
566.0
248
550.0
240
546.0
232
530.0
232
514.0
232
486.0
240
470.0
240
450.0
240
429.0
242
405.0
242
384.0
243
368.0
235
351.0
235
338.0
233
314.0
235
294.0
235
290.0
227
274.0
210
256.0
202
237.0
202
225.0
186
208.0
186
192.0
186
184.0
170
171.0
160
155.0
160
127.0
152
111.0
152
91.0
132
75.0
124
59.0
118
47.0
100
39.0
84
19.0
52
9.0
26
8.0
22
0.0
